Arguments: 
  /usr/local/bin/node /usr/local/Cellar/yarn/1.17.3/libexec/bin/yarn.js add jquery

PATH: 
  /Users/xiangjun/anaconda3/bin:/Users/xiangjun/anaconda3/bin:/usr/local/bin:/usr/bin:/bin:/usr/sbin:/sbin:/Library/Apple/usr/bin:/Library/Apple/bin

Yarn version: 
  1.17.3

Node version: 
  10.16.3

Platform: 
  darwin x64

Trace: 
  Error: EACCES: permission denied, mkdir '/Users/xiangjun/Desktop/spike/node_modules/content-disposition/node_modules'

npm manifest: 
  {
      "name": "sheepeshead",
      "version": "0.0.0",
      "private": true,
      "scripts": {
          "start": "node ./bin/www"
      },
      "dependencies": {
          "@grpc/proto-loader": "^0.5.2",
          "bootstrap": "^4.3.1",
          "cd": "^0.3.3",
          "cookie-parser": "^1.4.4",
          "debug": "^2.6.9",
          "ejs": "^2.5.9",
          "express": "^4.16.4",
          "firebase": "^5.11.1",
          "firebase-admin": "^8.5.0",
          "firebase-functions": "^3.2.0",
          "grpc": "^1.23.3",
          "http-errors": "^1.6.3",
          "jquery": "^3.4.1",
          "morgan": "^1.9.1",
          "pug": "^2.0.3"
      },
      "devDependencies": {
          "nodemon": "^1.18.11"
      }
  }

yarn manifest: 
  No manifest

Lockfile: 
  No lockfile
